{"level":"info","message":"Server started on port 8080 :)"}
{"level":"info","message":"Synced db."}
{"level":"error","message":""}
{"level":"info","message":"Server started on port 8080 :)"}
{"level":"info","message":"Synced db."}
{"level":"info","message":"Server started on port 8080 :)"}
{"level":"info","message":"Synced db."}
{"level":"info","message":"Server started on port 8080 :)"}
{"level":"info","message":"Synced db."}
{"level":"info","message":"Server started on port 8080 :)"}
{"level":"info","message":"Synced db."}
{"level":"info","message":"Server started on port 8080 :)"}
{"level":"info","message":"Synced db."}
{"level":"info","message":"Server started on port 8080 :)"}
{"level":"info","message":"Synced db."}
{"level":"info","message":"Server started on port 8080 :)"}
{"level":"info","message":"Synced db."}
{"level":"info","message":"Server started on port 8080 :)"}
{"level":"info","message":"Synced db."}
{"level":"info","message":"Server started on port 8080 :)"}
{"level":"info","message":"Synced db."}
{"level":"info","message":"Server started on port 8080 :)"}
{"level":"info","message":"Synced db."}
{"level":"info","message":"Server started on port 8080 :)"}
{"level":"info","message":"Synced db."}
{"level":"info","message":"Server started on port 8080 :)"}
{"level":"info","message":"Synced db."}
{"level":"info","message":"Server started on port 8080 :)"}
{"level":"info","message":"Synced db."}
{"level":"info","message":"Server started on port 8080 :)"}
{"level":"info","message":"Synced db."}
{"level":"info","message":"Server started on port 8080 :)"}
{"level":"info","message":"Synced db."}
{"level":"info","message":"Server started on port 8080 :)"}
{"level":"info","message":"Synced db."}
{"level":"info","message":"Server started on port 8080 :)"}
{"level":"info","message":"Synced db."}
{"level":"info","message":"Server started on port 8080 :)"}
{"level":"info","message":"Synced db."}
{"level":"info","message":"Server started on port 8080 :)"}
{"level":"info","message":"Synced db."}
{"level":"info","message":"Server started on port 8080 :)"}
{"level":"info","message":"Synced db."}
{"level":"info","message":"Server started on port 8080 :)"}
{"level":"info","message":"Synced db."}
{"level":"info","message":"Server started on port 8080 :)"}
{"level":"info","message":"Synced db."}
{"level":"error","message":"Truncated incorrect DOUBLE value: '[object Object]'"}
{"level":"error","message":"Truncated incorrect DOUBLE value: '[object Object]'"}
{"level":"info","message":"Server started on port 8080 :)"}
{"level":"info","message":"Synced db."}
{"level":"info","message":"Server started on port 8080 :)"}
{"level":"info","message":"Synced db."}
{"level":"error","message":"string violation: pictureUrl cannot be an array or an object"}
{"level":"info","message":"Server started on port 8080 :)"}
{"level":"info","message":"Synced db."}
{"level":"info","message":"Server started on port 8080 :)"}
{"level":"info","message":"Synced db."}
{"level":"error","message":"string violation: pictureUrl cannot be an array or an object"}
{"level":"error","message":"string violation: pictureUrl cannot be an array or an object"}
{"level":"info","message":"Server started on port 8080 :)"}
{"level":"info","message":"Synced db."}
{"level":"info","message":"Server started on port 8080 :)"}
{"level":"info","message":"Synced db."}
{"level":"info","message":"Server started on port 8080 :)"}
{"level":"info","message":"Synced db."}
{"level":"info","message":"Server started on port 8080 :)"}
{"level":"info","message":"Synced db."}
{"level":"info","message":"Server started on port 8080 :)"}
{"level":"info","message":"Synced db."}
{"level":"info","message":"Server started on port 8080 :)"}
{"level":"info","message":"Synced db."}
